# JRE version: Java(TM) SE Runtime Environment (8.0_111-b14) (build 1.8.0_111-b14)
# Java VM: Java HotSpot(TM) 64-Bit Server VM (25.111-b14 mixed mode windows-amd64 compressed oops)
Heap:
 PSYoungGen      total 38400K, used 2027K [0x00000000d5f00000, 0x00000000d8980000, 0x0000000100000000)
  eden space 33280K, 6% used [0x00000000d5f00000,0x00000000d60faea8,0x00000000d7f80000)
  from space 5120K, 0% used [0x00000000d8480000,0x00000000d8480000,0x00000000d8980000)
  to   space 5120K, 0% used [0x00000000d7f80000,0x00000000d7f80000,0x00000000d8480000)
 ParOldGen       total 64000K, used 6386K [0x0000000081c00000, 0x0000000085a80000, 0x00000000d5f00000)
  object space 64000K, 9% used [0x0000000081c00000,0x000000008223caa8,0x0000000085a80000)
 Metaspace       used 21443K, capacity 22182K, committed 22656K, reserved 1075200K
  class space    used 2905K, capacity 3083K, committed 3200K, reserved 1048576K
GC Heap History (10 events):
Event: 1.930 GC heap before
{Heap before GC invocations=6 (full 2):
 PSYoungGen      total 38400K, used 5115K [0x00000000d5f00000, 0x00000000d8980000, 0x0000000100000000)
  eden space 33280K, 0% used [0x00000000d5f00000,0x00000000d5f00000,0x00000000d7f80000)
  from space 5120K, 99% used [0x00000000d8480000,0x00000000d897ef38,0x00000000d8980000)
  to   space 5120K, 0% used [0x00000000d7f80000,0x00000000d7f80000,0x00000000d8480000)
 ParOldGen       total 64000K, used 4297K [0x0000000081c00000, 0x0000000085a80000, 0x00000000d5f00000)
  object space 64000K, 6% used [0x0000000081c00000,0x00000000820326c8,0x0000000085a80000)
 Metaspace       used 20487K, capacity 21150K, committed 21296K, reserved 1069056K
  class space    used 2757K, capacity 2923K, committed 2944K, reserved 1048576K
Event: 1.968 GC heap after
Heap after GC invocations=6 (full 2):
 PSYoungGen      total 38400K, used 0K [0x00000000d5f00000, 0x00000000d8980000, 0x0000000100000000)
  eden space 33280K, 0% used [0x00000000d5f00000,0x00000000d5f00000,0x00000000d7f80000)
  from space 5120K, 0% used [0x00000000d8480000,0x00000000d8480000,0x00000000d8980000)
  to   space 5120K, 0% used [0x00000000d7f80000,0x00000000d7f80000,0x00000000d8480000)
 ParOldGen       total 64000K, used 7933K [0x0000000081c00000, 0x0000000085a80000, 0x00000000d5f00000)
  object space 64000K, 12% used [0x0000000081c00000,0x00000000823bf538,0x0000000085a80000)
 Metaspace       used 20485K, capacity 21144K, committed 21296K, reserved 1069056K
  class space    used 2756K, capacity 2922K, committed 2944K, reserved 1048576K
}
Event: 2.283 GC heap before
{Heap before GC invocations=7 (full 2):
 PSYoungGen      total 38400K, used 33280K [0x00000000d5f00000, 0x00000000d8980000, 0x0000000100000000)
  eden space 33280K, 100% used [0x00000000d5f00000,0x00000000d7f80000,0x00000000d7f80000)
  from space 5120K, 0% used [0x00000000d8480000,0x00000000d8480000,0x00000000d8980000)
  to   space 5120K, 0% used [0x00000000d7f80000,0x00000000d7f80000,0x00000000d8480000)
 ParOldGen       total 64000K, used 7933K [0x0000000081c00000, 0x0000000085a80000, 0x00000000d5f00000)
  object space 64000K, 12% used [0x0000000081c00000,0x00000000823bf538,0x0000000085a80000)
 Metaspace       used 21457K, capacity 22222K, committed 22400K, reserved 1075200K
  class space    used 2901K, capacity 3115K, committed 3200K, reserved 1048576K
Event: 2.285 GC heap after
Heap after GC invocations=7 (full 2):
 PSYoungGen      total 38400K, used 2182K [0x00000000d5f00000, 0x00000000d8980000, 0x0000000100000000)
  eden space 33280K, 0% used [0x00000000d5f00000,0x00000000d5f00000,0x00000000d7f80000)
  from space 5120K, 42% used [0x00000000d7f80000,0x00000000d81a18d8,0x00000000d8480000)
  to   space 5120K, 0% used [0x00000000d8480000,0x00000000d8480000,0x00000000d8980000)
 ParOldGen       total 64000K, used 7941K [0x0000000081c00000, 0x0000000085a80000, 0x00000000d5f00000)
  object space 64000K, 12% used [0x0000000081c00000,0x00000000823c1538,0x0000000085a80000)
 Metaspace       used 21457K, capacity 22222K, committed 22400K, reserved 1075200K
  class space    used 2901K, capacity 3115K, committed 3200K, reserved 1048576K
}
Event: 2.285 GC heap before
{Heap before GC invocations=8 (full 3):
 PSYoungGen      total 38400K, used 2182K [0x00000000d5f00000, 0x00000000d8980000, 0x0000000100000000)
  eden space 33280K, 0% used [0x00000000d5f00000,0x00000000d5f00000,0x00000000d7f80000)
  from space 5120K, 42% used [0x00000000d7f80000,0x00000000d81a18d8,0x00000000d8480000)
  to   space 5120K, 0% used [0x00000000d8480000,0x00000000d8480000,0x00000000d8980000)
 ParOldGen       total 64000K, used 7941K [0x0000000081c00000, 0x0000000085a80000, 0x00000000d5f00000)
  object space 64000K, 12% used [0x0000000081c00000,0x00000000823c1538,0x0000000085a80000)
 Metaspace       used 21457K, capacity 22222K, committed 22400K, reserved 1075200K
  class space    used 2901K, capacity 3115K, committed 3200K, reserved 1048576K
Event: 2.343 GC heap after
Heap after GC invocations=8 (full 3):
 PSYoungGen      total 38400K, used 0K [0x00000000d5f00000, 0x00000000d8980000, 0x0000000100000000)
  eden space 33280K, 0% used [0x00000000d5f00000,0x00000000d5f00000,0x00000000d7f80000)
  from space 5120K, 0% used [0x00000000d7f80000,0x00000000d7f80000,0x00000000d8480000)
  to   space 5120K, 0% used [0x00000000d8480000,0x00000000d8480000,0x00000000d8980000)
 ParOldGen       total 64000K, used 7195K [0x0000000081c00000, 0x0000000085a80000, 0x00000000d5f00000)
  object space 64000K, 11% used [0x0000000081c00000,0x0000000082306e60,0x0000000085a80000)
 Metaspace       used 21457K, capacity 22222K, committed 22400K, reserved 1073152K
  class space    used 2901K, capacity 3115K, committed 3200K, reserved 1048576K
}
Event: 2.343 GC heap before
{Heap before GC invocations=9 (full 3):
 PSYoungGen      total 38400K, used 0K [0x00000000d5f00000, 0x00000000d8980000, 0x0000000100000000)
  eden space 33280K, 0% used [0x00000000d5f00000,0x00000000d5f00000,0x00000000d7f80000)
  from space 5120K, 0% used [0x00000000d7f80000,0x00000000d7f80000,0x00000000d8480000)
  to   space 5120K, 0% used [0x00000000d8480000,0x00000000d8480000,0x00000000d8980000)
 ParOldGen       total 64000K, used 7195K [0x0000000081c00000, 0x0000000085a80000, 0x00000000d5f00000)
  object space 64000K, 11% used [0x0000000081c00000,0x0000000082306e60,0x0000000085a80000)
 Metaspace       used 21457K, capacity 22222K, committed 22400K, reserved 1077248K
  class space    used 2901K, capacity 3115K, committed 3200K, reserved 1048576K
Event: 2.344 GC heap after
Heap after GC invocations=9 (full 3):
 PSYoungGen      total 38400K, used 0K [0x00000000d5f00000, 0x00000000d8980000, 0x0000000100000000)
  eden space 33280K, 0% used [0x00000000d5f00000,0x00000000d5f00000,0x00000000d7f80000)
  from space 5120K, 0% used [0x00000000d8480000,0x00000000d8480000,0x00000000d8980000)
  to   space 5120K, 0% used [0x00000000d7f80000,0x00000000d7f80000,0x00000000d8480000)
 ParOldGen       total 64000K, used 7195K [0x0000000081c00000, 0x0000000085a80000, 0x00000000d5f00000)
  object space 64000K, 11% used [0x0000000081c00000,0x0000000082306e60,0x0000000085a80000)
 Metaspace       used 21457K, capacity 22222K, committed 22400K, reserved 1077248K
  class space    used 2901K, capacity 3115K, committed 3200K, reserved 1048576K
}
Event: 2.344 GC heap before
{Heap before GC invocations=10 (full 4):
 PSYoungGen      total 38400K, used 0K [0x00000000d5f00000, 0x00000000d8980000, 0x0000000100000000)
  eden space 33280K, 0% used [0x00000000d5f00000,0x00000000d5f00000,0x00000000d7f80000)
  from space 5120K, 0% used [0x00000000d8480000,0x00000000d8480000,0x00000000d8980000)
  to   space 5120K, 0% used [0x00000000d7f80000,0x00000000d7f80000,0x00000000d8480000)
 ParOldGen       total 64000K, used 7195K [0x0000000081c00000, 0x0000000085a80000, 0x00000000d5f00000)
  object space 64000K, 11% used [0x0000000081c00000,0x0000000082306e60,0x0000000085a80000)
 Metaspace       used 21457K, capacity 22222K, committed 22400K, reserved 1077248K
  class space    used 2901K, capacity 3115K, committed 3200K, reserved 1048576K
Event: 2.409 GC heap after
Heap after GC invocations=10 (full 4):
 PSYoungGen      total 38400K, used 0K [0x00000000d5f00000, 0x00000000d8980000, 0x0000000100000000)
  eden space 33280K, 0% used [0x00000000d5f00000,0x00000000d5f00000,0x00000000d7f80000)
  from space 5120K, 0% used [0x00000000d8480000,0x00000000d8480000,0x00000000d8980000)
  to   space 5120K, 0% used [0x00000000d7f80000,0x00000000d7f80000,0x00000000d8480000)
 ParOldGen       total 64000K, used 6386K [0x0000000081c00000, 0x0000000085a80000, 0x00000000d5f00000)
  object space 64000K, 9% used [0x0000000081c00000,0x000000008223caa8,0x0000000085a80000)
 Metaspace       used 21340K, capacity 22034K, committed 22400K, reserved 1073152K
  class space    used 2881K, capacity 3079K, committed 3200K, reserved 1048576K
}

